[debug] [2021-09-03T19:17:00.038Z] ----------------------------------------------------------------------
[debug] [2021-09-03T19:17:00.040Z] Command:       /usr/local/bin/node /usr/local/bin/firebase deploy
[debug] [2021-09-03T19:17:00.040Z] CLI Version:   9.16.0
[debug] [2021-09-03T19:17:00.040Z] Platform:      darwin
[debug] [2021-09-03T19:17:00.040Z] Node Version:  v14.15.4
[debug] [2021-09-03T19:17:00.042Z] Time:          Fri Sep 03 2021 22:17:00 GMT+0300 (Eastern European Summer Time)
[debug] [2021-09-03T19:17:00.042Z] ----------------------------------------------------------------------
[debug] 
[debug] [2021-09-03T19:17:00.102Z] > command requires scopes: ["email","openid","https://www.googleapis.com/auth/cloudplatformprojects.readonly","https://www.googleapis.com/auth/firebase","https://www.googleapis.com/auth/cloud-platform"]
[debug] [2021-09-03T19:17:00.103Z] > authorizing via signed-in user (pinchukolya@gmail.com)
[debug] [2021-09-03T19:17:00.103Z] [iam] checking project olga-pinchuk-portfolio for permissions ["firebase.projects.get","firebasehosting.sites.update"]
[debug] [2021-09-03T19:17:00.106Z] > refreshing access token with scopes: ["email","https://www.googleapis.com/auth/cloud-platform","https://www.googleapis.com/auth/cloudplatformprojects.readonly","https://www.googleapis.com/auth/firebase","openid"]
[debug] [2021-09-03T19:17:00.106Z] >>> HTTP REQUEST POST https://www.googleapis.com/oauth2/v3/token  
 <request body omitted>
[debug] [2021-09-03T19:17:03.418Z] <<< HTTP RESPONSE 200 {"pragma":"no-cache","cache-control":"no-cache, no-store, max-age=0, must-revalidate","date":"Fri, 03 Sep 2021 19:17:05 GMT","expires":"Mon, 01 Jan 1990 00:00:00 GMT","content-type":"application/json; charset=utf-8","vary":"X-Origin, Referer, Origin,Accept-Encoding","server":"scaffolding on HTTPServer2","x-xss-protection":"0","x-frame-options":"SAMEORIGIN","x-content-type-options":"nosniff","alt-svc":"h3=\":443\"; ma=2592000,h3-29=\":443\"; ma=2592000,h3-T051=\":443\"; ma=2592000,h3-Q050=\":443\"; ma=2592000,h3-Q046=\":443\"; ma=2592000,h3-Q043=\":443\"; ma=2592000,quic=\":443\"; ma=2592000; v=\"46,43\"","accept-ranges":"none","transfer-encoding":"chunked"}
[debug] [2021-09-03T19:17:03.449Z] >>> HTTP REQUEST POST https://cloudresourcemanager.googleapis.com/v1/projects/olga-pinchuk-portfolio:testIamPermissions  
 {"permissions":["firebase.projects.get","firebasehosting.sites.update"]}
[debug] [2021-09-03T19:17:04.555Z] <<< HTTP RESPONSE 200 {"content-type":"application/json; charset=UTF-8","vary":"X-Origin, Referer, Origin,Accept-Encoding","date":"Fri, 03 Sep 2021 19:17:06 GMT","server":"ESF","cache-control":"private","x-xss-protection":"0","x-frame-options":"SAMEORIGIN","x-content-type-options":"nosniff","server-timing":"gfet4t7; dur=682","alt-svc":"h3=\":443\"; ma=2592000,h3-29=\":443\"; ma=2592000,h3-T051=\":443\"; ma=2592000,h3-Q050=\":443\"; ma=2592000,h3-Q046=\":443\"; ma=2592000,h3-Q043=\":443\"; ma=2592000,quic=\":443\"; ma=2592000; v=\"46,43\"","accept-ranges":"none","transfer-encoding":"chunked"}
[debug] [2021-09-03T19:17:04.558Z] > refreshing access token with scopes: []
[debug] [2021-09-03T19:17:04.558Z] >>> HTTP REQUEST POST https://www.googleapis.com/oauth2/v3/token  
 <request body omitted>
[debug] [2021-09-03T19:17:04.794Z] <<< HTTP RESPONSE 200 {"cache-control":"no-cache, no-store, max-age=0, must-revalidate","pragma":"no-cache","date":"Fri, 03 Sep 2021 19:17:06 GMT","expires":"Mon, 01 Jan 1990 00:00:00 GMT","content-type":"application/json; charset=utf-8","vary":"X-Origin, Referer, Origin,Accept-Encoding","server":"scaffolding on HTTPServer2","x-xss-protection":"0","x-frame-options":"SAMEORIGIN","x-content-type-options":"nosniff","alt-svc":"h3=\":443\"; ma=2592000,h3-29=\":443\"; ma=2592000,h3-T051=\":443\"; ma=2592000,h3-Q050=\":443\"; ma=2592000,h3-Q046=\":443\"; ma=2592000,h3-Q043=\":443\"; ma=2592000,quic=\":443\"; ma=2592000; v=\"46,43\"","accept-ranges":"none","transfer-encoding":"chunked"}
[debug] [2021-09-03T19:17:04.825Z] >>> [apiv2][query] GET https://firebase.googleapis.com/v1beta1/projects/olga-pinchuk-portfolio [none]
[debug] [2021-09-03T19:17:05.156Z] <<< [apiv2][status] GET https://firebase.googleapis.com/v1beta1/projects/olga-pinchuk-portfolio 200
[debug] [2021-09-03T19:17:05.156Z] <<< [apiv2][body] GET https://firebase.googleapis.com/v1beta1/projects/olga-pinchuk-portfolio {"projectId":"olga-pinchuk-portfolio","projectNumber":"159098353267","displayName":"Portfolio","name":"projects/olga-pinchuk-portfolio","resources":{"hostingSite":"olga-pinchuk-portfolio"},"state":"ACTIVE"}
[info] 
[info] === Deploying to 'olga-pinchuk-portfolio'...
[info] 
[info] i  deploying hosting 
[debug] [2021-09-03T19:17:05.160Z] > refreshing access token with scopes: ["email","https://www.googleapis.com/auth/cloud-platform","https://www.googleapis.com/auth/cloudplatformprojects.readonly","https://www.googleapis.com/auth/firebase","openid"]
[debug] [2021-09-03T19:17:05.160Z] >>> HTTP REQUEST POST https://www.googleapis.com/oauth2/v3/token  
 <request body omitted>
[debug] [2021-09-03T19:17:05.306Z] <<< HTTP RESPONSE 200 {"cache-control":"no-cache, no-store, max-age=0, must-revalidate","date":"Fri, 03 Sep 2021 19:17:07 GMT","pragma":"no-cache","expires":"Mon, 01 Jan 1990 00:00:00 GMT","content-type":"application/json; charset=utf-8","vary":"X-Origin, Referer, Origin,Accept-Encoding","server":"scaffolding on HTTPServer2","x-xss-protection":"0","x-frame-options":"SAMEORIGIN","x-content-type-options":"nosniff","alt-svc":"h3=\":443\"; ma=2592000,h3-29=\":443\"; ma=2592000,h3-T051=\":443\"; ma=2592000,h3-Q050=\":443\"; ma=2592000,h3-Q046=\":443\"; ma=2592000,h3-Q043=\":443\"; ma=2592000,quic=\":443\"; ma=2592000; v=\"46,43\"","accept-ranges":"none","transfer-encoding":"chunked"}
[debug] [2021-09-03T19:17:05.341Z] >>> HTTP REQUEST POST https://firebasehosting.googleapis.com/v1beta1/sites/olga-pinchuk-portfolio/versions  
 {"config":{},"labels":{"deployment-tool":"cli-firebase"}}
[debug] [2021-09-03T19:17:07.095Z] <<< HTTP RESPONSE 200 {"content-type":"application/json; charset=UTF-8","vary":"X-Origin, Referer, Origin,Accept-Encoding","date":"Fri, 03 Sep 2021 19:17:08 GMT","server":"ESF","cache-control":"private","x-xss-protection":"0","x-frame-options":"SAMEORIGIN","x-content-type-options":"nosniff","alt-svc":"h3=\":443\"; ma=2592000,h3-29=\":443\"; ma=2592000,h3-T051=\":443\"; ma=2592000,h3-Q050=\":443\"; ma=2592000,h3-Q046=\":443\"; ma=2592000,h3-Q043=\":443\"; ma=2592000,quic=\":443\"; ma=2592000; v=\"46,43\"","accept-ranges":"none","transfer-encoding":"chunked"}
[info] i  hosting[olga-pinchuk-portfolio]: beginning deploy... 
[info] i  hosting[olga-pinchuk-portfolio]: found 28 files in build 
[debug] [2021-09-03T19:17:07.319Z] > refreshing access token with scopes: []
[debug] [2021-09-03T19:17:07.319Z] >>> HTTP REQUEST POST https://www.googleapis.com/oauth2/v3/token  
 <request body omitted>
[debug] [2021-09-03T19:17:07.323Z] [hosting] hash cache [YnVpbGQ] stored for 28 files
[debug] [2021-09-03T19:17:07.323Z] [hosting][hash queue][FINAL] {"max":205,"min":13,"avg":32.607142857142854,"active":0,"complete":28,"success":28,"errored":0,"retried":0,"total":28,"elapsed":213}
[debug] [2021-09-03T19:17:07.461Z] <<< HTTP RESPONSE 200 {"cache-control":"no-cache, no-store, max-age=0, must-revalidate","date":"Fri, 03 Sep 2021 19:17:09 GMT","expires":"Mon, 01 Jan 1990 00:00:00 GMT","pragma":"no-cache","content-type":"application/json; charset=utf-8","vary":"X-Origin, Referer, Origin,Accept-Encoding","server":"scaffolding on HTTPServer2","x-xss-protection":"0","x-frame-options":"SAMEORIGIN","x-content-type-options":"nosniff","alt-svc":"h3=\":443\"; ma=2592000,h3-29=\":443\"; ma=2592000,h3-T051=\":443\"; ma=2592000,h3-Q050=\":443\"; ma=2592000,h3-Q046=\":443\"; ma=2592000,h3-Q043=\":443\"; ma=2592000,quic=\":443\"; ma=2592000; v=\"46,43\"","accept-ranges":"none","transfer-encoding":"chunked"}
[debug] [2021-09-03T19:17:07.499Z] >>> [apiv2][query] POST https://firebasehosting.googleapis.com/v1beta1/sites/olga-pinchuk-portfolio/versions/e3c4fc63745b7472:populateFiles [none]
[debug] [2021-09-03T19:17:07.500Z] >>> [apiv2][body] POST https://firebasehosting.googleapis.com/v1beta1/sites/olga-pinchuk-portfolio/versions/e3c4fc63745b7472:populateFiles {"files":{"/asset-manifest.json":"e6f9680977a7576153fbf2c75cfdc2ed38955ac56bba0df2a363b70d01195971","/index.html":"2eebacab6c7c67fbc0f8b6402d89a678530219e318fa3b6bf9dddc2d181ac7a6","/favicon.ico":"b72f7455f00e4e58792d2bca892abb068e2213838c0316d6b7a0d6d16acd1955","/static/js/2.fbeba583.chunk.js.LICENSE.txt":"a726a260beb3caa2ee0d04fbed94e6037e10588c4541042d105e9dcfa693b13a","/static/css/main.208b0ff6.chunk.css":"f08db1103b452cb8454684fb808c3a14b72a49844c867b6b505e0dbc485b2614","/static/js/runtime-main.931e61bc.js":"3b685fad7222969794cb1b1a68dbba775a45e5c2b272f1a644b0e158627bc81c","/static/css/main.208b0ff6.chunk.css.map":"e8521dd65e68cad15c81622be52c464e7ec11756bb32b23ace5e658eb2feefc2","/static/js/runtime-main.931e61bc.js.map":"13c81c5e0b71abe1ff7dfac86af102c7fa5e56c760762ff9f3e8f8734d274151","/static/js/main.9e1c11d0.chunk.js":"c52e4708c7dc89402e7535f843eaef9a2973eb5eb21382b72467fde2287234ca","/static/media/parcels-thumb.fe2827d2.jpg":"56cc07e882f6756cab7acb538fa7f3cd1722711685dfbcbed074e8d36c4d9c92","/static/media/todolist-thumb.ea7b9317.jpg":"2716fb6396c2ff99b3ec799be6642ea3ad4981eb09356906734eea9ae22171f5","/static/js/main.9e1c11d0.chunk.js.map":"994dadbf679314587cb4d0160beef1d0d1dc7975c7f34e7f947e3abed5ff263d","/static/media/ecommerce-thumb.ff55cd7b.jpg":"f94495425dfb7ec4b6c948bd3f9b516a7a3086405dbf40c82485e711ccd7a7b2","/static/media/learning-platform-thumb.54da88a7.jpg":"0129164ad277b6a1a8175a85299de4e9c8c214abb9008624aaec8a674875caa3","/static/media/logo.1a72bab0.png":"b18c462bb6a4228be581ae686eccec04fb872f3bf100a80e32568124579b9736","/static/media/netflix-thumb.148ef884.jpg":"b39bc58ac663ef7e9d45779512a338d3e9dd2fb770d3bf0d0503168dbad9599e","/static/media/todolist-screen.c4b3815f.jpg":"a82d01396bbec869088b99bdae07c86abad41e80bc4dd4167ab80c2d49605a4a","/static/media/bbq-thumb.7cdf2f31.jpg":"790413453eae3dbcc28320d7a6a0dd622d323093f29e9bb1af06a160c4b26978","/static/media/vegan-thumb.44cce470.jpg":"ad0498d731615225e43ced538a49de5bbe2995b2e7fd98a2ace3809be417f2ec","/static/media/aboutPicture.d6e3f53f.png":"afd9c09b6588f659de7b320770faec2d68d07a39c1abeca8ce71e1ffe52e4d60","/static/js/2.fbeba583.chunk.js":"870c853133b1816aa832cdfd092e21e238b2552e5dcf25507d33bad9b4125f7d","/static/media/bbq-screen.4870534a.jpg":"d4efd7386e5eb6149095c1eee7bd9107747485446401b77ed2b286c33fb33939","/static/media/netflix-screen.d5e0ec2f.jpg":"7ae51a2469bc631f18ff9cd1f00750042dc2c12bacc7b1d5647368b09c63e539","/static/media/learning-platform-screen.82d21b6a.jpg":"0b40c9926fa436565dbe1b61105ab4091207a65cab7dca83311edf418f9f3e1e","/static/media/ecommerce-screen.42f42526.jpg":"e24d318f614de1c4f137285b4ccffb366b27401b9d966ba298e3a2b21c1eaf25","/static/media/vegan-screen.7c9cc437.jpg":"d64c151c40898a88648f07fc73bd2ca5fc5c82e096d101de5edb42d952b7a42d","/static/media/parcels-screen.d17f7220.jpg":"f6b9c141b69f16a201740c38904ca688121b37f0a9c5bd5cadb37ef1abd8cb0b","/static/js/2.fbeba583.chunk.js.map":"cc27389e654e7b832bdc051ab8b4be04662b61a40f3e5a3154daa96dd94f865a"}}
[debug] [2021-09-03T19:17:08.816Z] <<< [apiv2][status] POST https://firebasehosting.googleapis.com/v1beta1/sites/olga-pinchuk-portfolio/versions/e3c4fc63745b7472:populateFiles 200
[debug] [2021-09-03T19:17:08.816Z] <<< [apiv2][body] POST https://firebasehosting.googleapis.com/v1beta1/sites/olga-pinchuk-portfolio/versions/e3c4fc63745b7472:populateFiles {"uploadRequiredHashes":["e6f9680977a7576153fbf2c75cfdc2ed38955ac56bba0df2a363b70d01195971","cc27389e654e7b832bdc051ab8b4be04662b61a40f3e5a3154daa96dd94f865a","e8521dd65e68cad15c81622be52c464e7ec11756bb32b23ace5e658eb2feefc2","f08db1103b452cb8454684fb808c3a14b72a49844c867b6b505e0dbc485b2614","870c853133b1816aa832cdfd092e21e238b2552e5dcf25507d33bad9b4125f7d","c52e4708c7dc89402e7535f843eaef9a2973eb5eb21382b72467fde2287234ca","994dadbf679314587cb4d0160beef1d0d1dc7975c7f34e7f947e3abed5ff263d","2eebacab6c7c67fbc0f8b6402d89a678530219e318fa3b6bf9dddc2d181ac7a6"],"uploadUrl":"https://upload-firebasehosting.googleapis.com/upload/sites/olga-pinchuk-portfolio/versions/e3c4fc63745b7472/files"}
[debug] [2021-09-03T19:17:08.818Z] >>> [apiv2][query] POST https://upload-firebasehosting.googleapis.com/upload/sites/olga-pinchuk-portfolio/versions/e3c4fc63745b7472/files/e6f9680977a7576153fbf2c75cfdc2ed38955ac56bba0df2a363b70d01195971 [none]
[debug] [2021-09-03T19:17:08.818Z] >>> [apiv2][body] POST https://upload-firebasehosting.googleapis.com/upload/sites/olga-pinchuk-portfolio/versions/e3c4fc63745b7472/files/e6f9680977a7576153fbf2c75cfdc2ed38955ac56bba0df2a363b70d01195971 [stream]
[debug] [2021-09-03T19:17:08.819Z] >>> [apiv2][query] POST https://upload-firebasehosting.googleapis.com/upload/sites/olga-pinchuk-portfolio/versions/e3c4fc63745b7472/files/cc27389e654e7b832bdc051ab8b4be04662b61a40f3e5a3154daa96dd94f865a [none]
[debug] [2021-09-03T19:17:08.819Z] >>> [apiv2][body] POST https://upload-firebasehosting.googleapis.com/upload/sites/olga-pinchuk-portfolio/versions/e3c4fc63745b7472/files/cc27389e654e7b832bdc051ab8b4be04662b61a40f3e5a3154daa96dd94f865a [stream]
[debug] [2021-09-03T19:17:08.820Z] >>> [apiv2][query] POST https://upload-firebasehosting.googleapis.com/upload/sites/olga-pinchuk-portfolio/versions/e3c4fc63745b7472/files/e8521dd65e68cad15c81622be52c464e7ec11756bb32b23ace5e658eb2feefc2 [none]
[debug] [2021-09-03T19:17:08.820Z] >>> [apiv2][body] POST https://upload-firebasehosting.googleapis.com/upload/sites/olga-pinchuk-portfolio/versions/e3c4fc63745b7472/files/e8521dd65e68cad15c81622be52c464e7ec11756bb32b23ace5e658eb2feefc2 [stream]
[debug] [2021-09-03T19:17:08.821Z] >>> [apiv2][query] POST https://upload-firebasehosting.googleapis.com/upload/sites/olga-pinchuk-portfolio/versions/e3c4fc63745b7472/files/f08db1103b452cb8454684fb808c3a14b72a49844c867b6b505e0dbc485b2614 [none]
[debug] [2021-09-03T19:17:08.821Z] >>> [apiv2][body] POST https://upload-firebasehosting.googleapis.com/upload/sites/olga-pinchuk-portfolio/versions/e3c4fc63745b7472/files/f08db1103b452cb8454684fb808c3a14b72a49844c867b6b505e0dbc485b2614 [stream]
[debug] [2021-09-03T19:17:08.822Z] >>> [apiv2][query] POST https://upload-firebasehosting.googleapis.com/upload/sites/olga-pinchuk-portfolio/versions/e3c4fc63745b7472/files/870c853133b1816aa832cdfd092e21e238b2552e5dcf25507d33bad9b4125f7d [none]
[debug] [2021-09-03T19:17:08.822Z] >>> [apiv2][body] POST https://upload-firebasehosting.googleapis.com/upload/sites/olga-pinchuk-portfolio/versions/e3c4fc63745b7472/files/870c853133b1816aa832cdfd092e21e238b2552e5dcf25507d33bad9b4125f7d [stream]
[debug] [2021-09-03T19:17:08.823Z] >>> [apiv2][query] POST https://upload-firebasehosting.googleapis.com/upload/sites/olga-pinchuk-portfolio/versions/e3c4fc63745b7472/files/c52e4708c7dc89402e7535f843eaef9a2973eb5eb21382b72467fde2287234ca [none]
[debug] [2021-09-03T19:17:08.823Z] >>> [apiv2][body] POST https://upload-firebasehosting.googleapis.com/upload/sites/olga-pinchuk-portfolio/versions/e3c4fc63745b7472/files/c52e4708c7dc89402e7535f843eaef9a2973eb5eb21382b72467fde2287234ca [stream]
[debug] [2021-09-03T19:17:08.824Z] >>> [apiv2][query] POST https://upload-firebasehosting.googleapis.com/upload/sites/olga-pinchuk-portfolio/versions/e3c4fc63745b7472/files/994dadbf679314587cb4d0160beef1d0d1dc7975c7f34e7f947e3abed5ff263d [none]
[debug] [2021-09-03T19:17:08.824Z] >>> [apiv2][body] POST https://upload-firebasehosting.googleapis.com/upload/sites/olga-pinchuk-portfolio/versions/e3c4fc63745b7472/files/994dadbf679314587cb4d0160beef1d0d1dc7975c7f34e7f947e3abed5ff263d [stream]
[debug] [2021-09-03T19:17:08.824Z] >>> [apiv2][query] POST https://upload-firebasehosting.googleapis.com/upload/sites/olga-pinchuk-portfolio/versions/e3c4fc63745b7472/files/2eebacab6c7c67fbc0f8b6402d89a678530219e318fa3b6bf9dddc2d181ac7a6 [none]
[debug] [2021-09-03T19:17:08.824Z] >>> [apiv2][body] POST https://upload-firebasehosting.googleapis.com/upload/sites/olga-pinchuk-portfolio/versions/e3c4fc63745b7472/files/2eebacab6c7c67fbc0f8b6402d89a678530219e318fa3b6bf9dddc2d181ac7a6 [stream]
[debug] [2021-09-03T19:17:08.825Z] [hosting][populate queue][FINAL] {"max":1500,"min":1500,"avg":1500,"active":0,"complete":1,"success":1,"errored":0,"retried":0,"total":1,"elapsed":1507}
[debug] [2021-09-03T19:17:08.825Z] [hosting] uploads queued: 8
[debug] [2021-09-03T19:17:10.478Z] <<< [apiv2][status] POST https://upload-firebasehosting.googleapis.com/upload/sites/olga-pinchuk-portfolio/versions/e3c4fc63745b7472/files/2eebacab6c7c67fbc0f8b6402d89a678530219e318fa3b6bf9dddc2d181ac7a6 200
[debug] [2021-09-03T19:17:10.478Z] <<< [apiv2][body] POST https://upload-firebasehosting.googleapis.com/upload/sites/olga-pinchuk-portfolio/versions/e3c4fc63745b7472/files/2eebacab6c7c67fbc0f8b6402d89a678530219e318fa3b6bf9dddc2d181ac7a6 [stream]
[debug] [2021-09-03T19:17:10.544Z] <<< [apiv2][status] POST https://upload-firebasehosting.googleapis.com/upload/sites/olga-pinchuk-portfolio/versions/e3c4fc63745b7472/files/e6f9680977a7576153fbf2c75cfdc2ed38955ac56bba0df2a363b70d01195971 200
[debug] [2021-09-03T19:17:10.544Z] <<< [apiv2][body] POST https://upload-firebasehosting.googleapis.com/upload/sites/olga-pinchuk-portfolio/versions/e3c4fc63745b7472/files/e6f9680977a7576153fbf2c75cfdc2ed38955ac56bba0df2a363b70d01195971 [stream]
[debug] [2021-09-03T19:17:10.745Z] <<< [apiv2][status] POST https://upload-firebasehosting.googleapis.com/upload/sites/olga-pinchuk-portfolio/versions/e3c4fc63745b7472/files/870c853133b1816aa832cdfd092e21e238b2552e5dcf25507d33bad9b4125f7d 200
[debug] [2021-09-03T19:17:10.745Z] <<< [apiv2][body] POST https://upload-firebasehosting.googleapis.com/upload/sites/olga-pinchuk-portfolio/versions/e3c4fc63745b7472/files/870c853133b1816aa832cdfd092e21e238b2552e5dcf25507d33bad9b4125f7d [stream]
[debug] [2021-09-03T19:17:10.762Z] <<< [apiv2][status] POST https://upload-firebasehosting.googleapis.com/upload/sites/olga-pinchuk-portfolio/versions/e3c4fc63745b7472/files/c52e4708c7dc89402e7535f843eaef9a2973eb5eb21382b72467fde2287234ca 200
[debug] [2021-09-03T19:17:10.762Z] <<< [apiv2][body] POST https://upload-firebasehosting.googleapis.com/upload/sites/olga-pinchuk-portfolio/versions/e3c4fc63745b7472/files/c52e4708c7dc89402e7535f843eaef9a2973eb5eb21382b72467fde2287234ca [stream]
[debug] [2021-09-03T19:17:10.779Z] <<< [apiv2][status] POST https://upload-firebasehosting.googleapis.com/upload/sites/olga-pinchuk-portfolio/versions/e3c4fc63745b7472/files/e8521dd65e68cad15c81622be52c464e7ec11756bb32b23ace5e658eb2feefc2 200
[debug] [2021-09-03T19:17:10.780Z] <<< [apiv2][body] POST https://upload-firebasehosting.googleapis.com/upload/sites/olga-pinchuk-portfolio/versions/e3c4fc63745b7472/files/e8521dd65e68cad15c81622be52c464e7ec11756bb32b23ace5e658eb2feefc2 [stream]
[debug] [2021-09-03T19:17:10.789Z] <<< [apiv2][status] POST https://upload-firebasehosting.googleapis.com/upload/sites/olga-pinchuk-portfolio/versions/e3c4fc63745b7472/files/f08db1103b452cb8454684fb808c3a14b72a49844c867b6b505e0dbc485b2614 200
[debug] [2021-09-03T19:17:10.790Z] <<< [apiv2][body] POST https://upload-firebasehosting.googleapis.com/upload/sites/olga-pinchuk-portfolio/versions/e3c4fc63745b7472/files/f08db1103b452cb8454684fb808c3a14b72a49844c867b6b505e0dbc485b2614 [stream]
[debug] [2021-09-03T19:17:10.844Z] <<< [apiv2][status] POST https://upload-firebasehosting.googleapis.com/upload/sites/olga-pinchuk-portfolio/versions/e3c4fc63745b7472/files/994dadbf679314587cb4d0160beef1d0d1dc7975c7f34e7f947e3abed5ff263d 200
[debug] [2021-09-03T19:17:10.845Z] <<< [apiv2][body] POST https://upload-firebasehosting.googleapis.com/upload/sites/olga-pinchuk-portfolio/versions/e3c4fc63745b7472/files/994dadbf679314587cb4d0160beef1d0d1dc7975c7f34e7f947e3abed5ff263d [stream]
[debug] [2021-09-03T19:17:11.395Z] <<< [apiv2][status] POST https://upload-firebasehosting.googleapis.com/upload/sites/olga-pinchuk-portfolio/versions/e3c4fc63745b7472/files/cc27389e654e7b832bdc051ab8b4be04662b61a40f3e5a3154daa96dd94f865a 200
[debug] [2021-09-03T19:17:11.395Z] <<< [apiv2][body] POST https://upload-firebasehosting.googleapis.com/upload/sites/olga-pinchuk-portfolio/versions/e3c4fc63745b7472/files/cc27389e654e7b832bdc051ab8b4be04662b61a40f3e5a3154daa96dd94f865a [stream]
[debug] [2021-09-03T19:17:11.396Z] [hosting][upload queue][FINAL] {"max":2578,"min":1660,"avg":1975.125,"active":0,"complete":8,"success":8,"errored":0,"retried":0,"total":8,"elapsed":2580}
[info] ✔  hosting[olga-pinchuk-portfolio]: file upload complete 
[debug] [2021-09-03T19:17:11.396Z] [hosting] deploy completed after 4300ms
[debug] [2021-09-03T19:17:11.397Z] [
  {
    "config": {
      "public": "build",
      "ignore": [
        "firebase.json",
        "**/.*",
        "**/node_modules/**"
      ],
      "site": "olga-pinchuk-portfolio"
    },
    "site": "olga-pinchuk-portfolio",
    "version": "sites/olga-pinchuk-portfolio/versions/e3c4fc63745b7472"
  }
]
[info] i  hosting[olga-pinchuk-portfolio]: finalizing version... 
[debug] [2021-09-03T19:17:11.400Z] > refreshing access token with scopes: ["email","https://www.googleapis.com/auth/cloud-platform","https://www.googleapis.com/auth/cloudplatformprojects.readonly","https://www.googleapis.com/auth/firebase","openid"]
[debug] [2021-09-03T19:17:11.400Z] >>> HTTP REQUEST POST https://www.googleapis.com/oauth2/v3/token  
 <request body omitted>
[debug] [2021-09-03T19:17:11.548Z] <<< HTTP RESPONSE 200 {"cache-control":"no-cache, no-store, max-age=0, must-revalidate","pragma":"no-cache","expires":"Mon, 01 Jan 1990 00:00:00 GMT","date":"Fri, 03 Sep 2021 19:17:13 GMT","content-type":"application/json; charset=utf-8","vary":"X-Origin, Referer, Origin,Accept-Encoding","server":"scaffolding on HTTPServer2","x-xss-protection":"0","x-frame-options":"SAMEORIGIN","x-content-type-options":"nosniff","alt-svc":"h3=\":443\"; ma=2592000,h3-29=\":443\"; ma=2592000,h3-T051=\":443\"; ma=2592000,h3-Q050=\":443\"; ma=2592000,h3-Q046=\":443\"; ma=2592000,h3-Q043=\":443\"; ma=2592000,quic=\":443\"; ma=2592000; v=\"46,43\"","accept-ranges":"none","transfer-encoding":"chunked"}
[debug] [2021-09-03T19:17:11.575Z] >>> HTTP REQUEST PATCH https://firebasehosting.googleapis.com/v1beta1/sites/olga-pinchuk-portfolio/versions/e3c4fc63745b7472?updateMask=status  
 {"status":"FINALIZED"}
[debug] [2021-09-03T19:17:12.726Z] <<< HTTP RESPONSE 200 {"content-type":"application/json; charset=UTF-8","vary":"X-Origin, Referer, Origin,Accept-Encoding","date":"Fri, 03 Sep 2021 19:17:14 GMT","server":"ESF","cache-control":"private","x-xss-protection":"0","x-frame-options":"SAMEORIGIN","x-content-type-options":"nosniff","alt-svc":"h3=\":443\"; ma=2592000,h3-29=\":443\"; ma=2592000,h3-T051=\":443\"; ma=2592000,h3-Q050=\":443\"; ma=2592000,h3-Q046=\":443\"; ma=2592000,h3-Q043=\":443\"; ma=2592000,quic=\":443\"; ma=2592000; v=\"46,43\"","accept-ranges":"none","transfer-encoding":"chunked"}
[debug] [2021-09-03T19:17:12.726Z] [hosting] finalized version for olga-pinchuk-portfolio: {"name":"sites/olga-pinchuk-portfolio/versions/e3c4fc63745b7472","status":"FINALIZED","config":{},"labels":{"deployment-tool":"cli-firebase"},"createTime":"2021-09-03T19:17:08.299921Z","createUser":{"email":"pinchukolya@gmail.com"},"finalizeTime":"2021-09-03T19:17:14.665486Z","finalizeUser":{"email":"pinchukolya@gmail.com"}}
[info] ✔  hosting[olga-pinchuk-portfolio]: version finalized 
[info] i  hosting[olga-pinchuk-portfolio]: releasing new version... 
[debug] [2021-09-03T19:17:12.727Z] >>> HTTP REQUEST POST https://firebasehosting.googleapis.com/v1beta1/sites/olga-pinchuk-portfolio/releases?version_name=sites/olga-pinchuk-portfolio/versions/e3c4fc63745b7472  
 {"message":null}
